[debug] [2022-01-02T12:58:46.556Z] ----------------------------------------------------------------------
[debug] [2022-01-02T12:58:46.559Z] Command:       C:\Program Files (x86)\nodejs\node.exe C:\Users\User\AppData\Roaming\npm\node_modules\firebase-tools\lib\bin\firebase.js init
[debug] [2022-01-02T12:58:46.560Z] CLI Version:   10.0.1
[debug] [2022-01-02T12:58:46.560Z] Platform:      win32
[debug] [2022-01-02T12:58:46.560Z] Node Version:  v16.10.0
[debug] [2022-01-02T12:58:46.562Z] Time:          Sun Jan 02 2022 18:28:46 GMT+0530 (India Standard Time)
[debug] [2022-01-02T12:58:46.563Z] ----------------------------------------------------------------------
[debug] 
[debug] [2022-01-02T12:58:46.572Z] > command requires scopes: ["email","openid","https://www.googleapis.com/auth/cloudplatformprojects.readonly","https://www.googleapis.com/auth/firebase","https://www.googleapis.com/auth/cloud-platform"]
[debug] [2022-01-02T12:58:46.572Z] > authorizing via signed-in user (imtas00@gmail.com)
[info] 
     ######## #### ########  ######## ########     ###     ######  ########
     ##        ##  ##     ## ##       ##     ##  ##   ##  ##       ##
     ######    ##  ########  ######   ########  #########  ######  ######
     ##        ##  ##    ##  ##       ##     ## ##     ##       ## ##
     ##       #### ##     ## ######## ########  ##     ##  ######  ########

You're about to initialize a Firebase project in this directory:

  E:\000Projects\SDEbootCamp\projects\movie-review-frontend

[info] 
=== Project Setup
[info] 
[info] First, let's associate this project directory with a Firebase project.
[info] You can create multiple project aliases by running firebase use --add, 
[info] but for now we'll just set up a default project.
[info] 
[info] i  If you want to create a project in a Google Cloud organization or folder, please use "firebase projects:create" instead, and return to this command when you've created the project. 
[debug] [2022-01-02T12:59:40.019Z] > refreshing access token with scopes: ["email","https://www.googleapis.com/auth/cloud-platform","https://www.googleapis.com/auth/cloudplatformprojects.readonly","https://www.googleapis.com/auth/firebase","openid"]
[debug] [2022-01-02T12:59:40.023Z] >>> HTTP REQUEST POST https://www.googleapis.com/oauth2/v3/token  
 <request body omitted>
[debug] [2022-01-02T12:59:40.518Z] <<< HTTP RESPONSE 200 {"cache-control":"no-cache, no-store, max-age=0, must-revalidate","date":"Sun, 02 Jan 2022 12:59:38 GMT","expires":"Mon, 01 Jan 1990 00:00:00 GMT","pragma":"no-cache","content-type":"application/json; charset=utf-8","vary":"X-Origin, Referer, Origin,Accept-Encoding","server":"scaffolding on HTTPServer2","x-xss-protection":"0","x-frame-options":"SAMEORIGIN","x-content-type-options":"nosniff","alt-svc":"h3=\":443\"; ma=2592000,h3-29=\":443\"; ma=2592000,h3-Q050=\":443\"; ma=2592000,h3-Q046=\":443\"; ma=2592000,h3-Q043=\":443\"; ma=2592000,quic=\":443\"; ma=2592000; v=\"46,43\"","accept-ranges":"none","transfer-encoding":"chunked"}
[debug] [2022-01-02T12:59:41.045Z] >>> HTTP REQUEST POST https://cloudresourcemanager.googleapis.com/v1/projects  
 {"projectId":"superhero-movie","name":"superhero-movie"}
[debug] [2022-01-02T12:59:43.120Z] <<< HTTP RESPONSE 200 {"content-type":"application/json; charset=UTF-8","vary":"X-Origin, Referer, Origin,Accept-Encoding","date":"Sun, 02 Jan 2022 12:59:41 GMT","server":"ESF","cache-control":"private","x-xss-protection":"0","x-frame-options":"SAMEORIGIN","x-content-type-options":"nosniff","server-timing":"gfet4t7; dur=1695","alt-svc":"h3=\":443\"; ma=2592000,h3-29=\":443\"; ma=2592000,h3-Q050=\":443\"; ma=2592000,h3-Q046=\":443\"; ma=2592000,h3-Q043=\":443\"; ma=2592000,quic=\":443\"; ma=2592000; v=\"46,43\"","accept-ranges":"none","transfer-encoding":"chunked"}
[debug] [2022-01-02T12:59:43.131Z] > refreshing access token with scopes: []
[debug] [2022-01-02T12:59:43.132Z] >>> HTTP REQUEST POST https://www.googleapis.com/oauth2/v3/token  
 <request body omitted>
[debug] [2022-01-02T12:59:43.473Z] <<< HTTP RESPONSE 200 {"expires":"Mon, 01 Jan 1990 00:00:00 GMT","date":"Sun, 02 Jan 2022 12:59:41 GMT","pragma":"no-cache","cache-control":"no-cache, no-store, max-age=0, must-revalidate","content-type":"application/json; charset=utf-8","vary":"X-Origin, Referer, Origin,Accept-Encoding","server":"scaffolding on HTTPServer2","x-xss-protection":"0","x-frame-options":"SAMEORIGIN","x-content-type-options":"nosniff","alt-svc":"h3=\":443\"; ma=2592000,h3-29=\":443\"; ma=2592000,h3-Q050=\":443\"; ma=2592000,h3-Q046=\":443\"; ma=2592000,h3-Q043=\":443\"; ma=2592000,quic=\":443\"; ma=2592000; v=\"46,43\"","accept-ranges":"none","transfer-encoding":"chunked"}
[debug] [2022-01-02T12:59:44.005Z] >>> [apiv2][query] GET https://cloudresourcemanager.googleapis.com/v1/operations/cp.8697127209070229561 [none]
[debug] [2022-01-02T12:59:45.934Z] <<< [apiv2][status] GET https://cloudresourcemanager.googleapis.com/v1/operations/cp.8697127209070229561 200
[debug] [2022-01-02T12:59:45.935Z] <<< [apiv2][body] GET https://cloudresourcemanager.googleapis.com/v1/operations/cp.8697127209070229561 {"name":"operations/cp.8697127209070229561","metadata":{"@type":"type.googleapis.com/google.cloudresourcemanager.v1.ProjectCreationStatus","gettable":true}}
[debug] [2022-01-02T12:59:46.449Z] [Project Creation Poller] Retrying task index 0
[debug] [2022-01-02T12:59:46.451Z] >>> [apiv2][query] GET https://cloudresourcemanager.googleapis.com/v1/operations/cp.8697127209070229561 [none]
[debug] [2022-01-02T12:59:48.378Z] <<< [apiv2][status] GET https://cloudresourcemanager.googleapis.com/v1/operations/cp.8697127209070229561 200
[debug] [2022-01-02T12:59:48.379Z] <<< [apiv2][body] GET https://cloudresourcemanager.googleapis.com/v1/operations/cp.8697127209070229561 {"name":"operations/cp.8697127209070229561","metadata":{"@type":"type.googleapis.com/google.cloudresourcemanager.v1.ProjectCreationStatus","gettable":true,"ready":true},"done":true,"response":{"@type":"type.googleapis.com/google.cloudresourcemanager.v1.Project","projectNumber":"375882392271","projectId":"superhero-movie","lifecycleState":"ACTIVE","name":"superhero-movie","createTime":"2022-01-02T12:59:41.008Z"}}
[debug] [2022-01-02T12:59:48.401Z] > refreshing access token with scopes: ["email","https://www.googleapis.com/auth/cloud-platform","https://www.googleapis.com/auth/cloudplatformprojects.readonly","https://www.googleapis.com/auth/firebase","openid"]
[debug] [2022-01-02T12:59:48.402Z] >>> HTTP REQUEST POST https://www.googleapis.com/oauth2/v3/token  
 <request body omitted>
[debug] [2022-01-02T12:59:48.730Z] <<< HTTP RESPONSE 200 {"pragma":"no-cache","expires":"Mon, 01 Jan 1990 00:00:00 GMT","cache-control":"no-cache, no-store, max-age=0, must-revalidate","date":"Sun, 02 Jan 2022 12:59:47 GMT","content-type":"application/json; charset=utf-8","vary":"X-Origin, Referer, Origin,Accept-Encoding","server":"scaffolding on HTTPServer2","x-xss-protection":"0","x-frame-options":"SAMEORIGIN","x-content-type-options":"nosniff","alt-svc":"h3=\":443\"; ma=2592000,h3-29=\":443\"; ma=2592000,h3-Q050=\":443\"; ma=2592000,h3-Q046=\":443\"; ma=2592000,h3-Q043=\":443\"; ma=2592000,quic=\":443\"; ma=2592000; v=\"46,43\"","accept-ranges":"none","transfer-encoding":"chunked"}
[debug] [2022-01-02T12:59:48.859Z] >>> HTTP REQUEST POST https://firebase.googleapis.com/v1beta1/projects/superhero-movie:addFirebase  
 
[debug] [2022-01-02T12:59:52.569Z] <<< HTTP RESPONSE 200 {"content-type":"application/json; charset=UTF-8","vary":"X-Origin, Referer, Origin,Accept-Encoding","date":"Sun, 02 Jan 2022 12:59:50 GMT","server":"ESF","cache-control":"private","x-xss-protection":"0","x-frame-options":"SAMEORIGIN","x-content-type-options":"nosniff","alt-svc":"h3=\":443\"; ma=2592000,h3-29=\":443\"; ma=2592000,h3-Q050=\":443\"; ma=2592000,h3-Q046=\":443\"; ma=2592000,h3-Q043=\":443\"; ma=2592000,quic=\":443\"; ma=2592000; v=\"46,43\"","accept-ranges":"none","transfer-encoding":"chunked"}
[debug] [2022-01-02T12:59:52.571Z] > refreshing access token with scopes: []
[debug] [2022-01-02T12:59:52.571Z] >>> HTTP REQUEST POST https://www.googleapis.com/oauth2/v3/token  
 <request body omitted>
[debug] [2022-01-02T12:59:52.912Z] <<< HTTP RESPONSE 200 {"cache-control":"no-cache, no-store, max-age=0, must-revalidate","expires":"Mon, 01 Jan 1990 00:00:00 GMT","pragma":"no-cache","date":"Sun, 02 Jan 2022 12:59:51 GMT","content-type":"application/json; charset=utf-8","vary":"X-Origin, Referer, Origin,Accept-Encoding","server":"scaffolding on HTTPServer2","x-xss-protection":"0","x-frame-options":"SAMEORIGIN","x-content-type-options":"nosniff","alt-svc":"h3=\":443\"; ma=2592000,h3-29=\":443\"; ma=2592000,h3-Q050=\":443\"; ma=2592000,h3-Q046=\":443\"; ma=2592000,h3-Q043=\":443\"; ma=2592000,quic=\":443\"; ma=2592000; v=\"46,43\"","accept-ranges":"none","transfer-encoding":"chunked"}
[debug] [2022-01-02T12:59:53.578Z] >>> [apiv2][query] GET https://firebase.googleapis.com/v1beta1/operations/workflows/Yzg5ZTQwN2EtOTc4My00ZTVkLWE1OGItNDUyOWFiYzZlNWUy [none]
[debug] [2022-01-02T12:59:54.995Z] <<< [apiv2][status] GET https://firebase.googleapis.com/v1beta1/operations/workflows/Yzg5ZTQwN2EtOTc4My00ZTVkLWE1OGItNDUyOWFiYzZlNWUy 200
[debug] [2022-01-02T12:59:54.996Z] <<< [apiv2][body] GET https://firebase.googleapis.com/v1beta1/operations/workflows/Yzg5ZTQwN2EtOTc4My00ZTVkLWE1OGItNDUyOWFiYzZlNWUy {"name":"operations/workflows/Yzg5ZTQwN2EtOTc4My00ZTVkLWE1OGItNDUyOWFiYzZlNWUy"}
[debug] [2022-01-02T12:59:55.496Z] [Add Firebase Poller] Retrying task index 0
[debug] [2022-01-02T12:59:55.498Z] >>> [apiv2][query] GET https://firebase.googleapis.com/v1beta1/operations/workflows/Yzg5ZTQwN2EtOTc4My00ZTVkLWE1OGItNDUyOWFiYzZlNWUy [none]
[debug] [2022-01-02T12:59:56.982Z] <<< [apiv2][status] GET https://firebase.googleapis.com/v1beta1/operations/workflows/Yzg5ZTQwN2EtOTc4My00ZTVkLWE1OGItNDUyOWFiYzZlNWUy 200
[debug] [2022-01-02T12:59:56.983Z] <<< [apiv2][body] GET https://firebase.googleapis.com/v1beta1/operations/workflows/Yzg5ZTQwN2EtOTc4My00ZTVkLWE1OGItNDUyOWFiYzZlNWUy {"name":"operations/workflows/Yzg5ZTQwN2EtOTc4My00ZTVkLWE1OGItNDUyOWFiYzZlNWUy"}
[debug] [2022-01-02T12:59:57.988Z] [Add Firebase Poller] Retrying task index 0
[debug] [2022-01-02T12:59:57.990Z] >>> [apiv2][query] GET https://firebase.googleapis.com/v1beta1/operations/workflows/Yzg5ZTQwN2EtOTc4My00ZTVkLWE1OGItNDUyOWFiYzZlNWUy [none]
[debug] [2022-01-02T12:59:58.970Z] <<< [apiv2][status] GET https://firebase.googleapis.com/v1beta1/operations/workflows/Yzg5ZTQwN2EtOTc4My00ZTVkLWE1OGItNDUyOWFiYzZlNWUy 200
[debug] [2022-01-02T12:59:58.971Z] <<< [apiv2][body] GET https://firebase.googleapis.com/v1beta1/operations/workflows/Yzg5ZTQwN2EtOTc4My00ZTVkLWE1OGItNDUyOWFiYzZlNWUy {"name":"operations/workflows/Yzg5ZTQwN2EtOTc4My00ZTVkLWE1OGItNDUyOWFiYzZlNWUy"}
[debug] [2022-01-02T13:00:00.977Z] [Add Firebase Poller] Retrying task index 0
[debug] [2022-01-02T13:00:00.978Z] >>> [apiv2][query] GET https://firebase.googleapis.com/v1beta1/operations/workflows/Yzg5ZTQwN2EtOTc4My00ZTVkLWE1OGItNDUyOWFiYzZlNWUy [none]
[debug] [2022-01-02T13:00:02.244Z] <<< [apiv2][status] GET https://firebase.googleapis.com/v1beta1/operations/workflows/Yzg5ZTQwN2EtOTc4My00ZTVkLWE1OGItNDUyOWFiYzZlNWUy 200
[debug] [2022-01-02T13:00:02.245Z] <<< [apiv2][body] GET https://firebase.googleapis.com/v1beta1/operations/workflows/Yzg5ZTQwN2EtOTc4My00ZTVkLWE1OGItNDUyOWFiYzZlNWUy {"name":"operations/workflows/Yzg5ZTQwN2EtOTc4My00ZTVkLWE1OGItNDUyOWFiYzZlNWUy","done":true,"response":{"@type":"type.googleapis.com/google.firebase.service.v1beta1.FirebaseProject","projectId":"superhero-movie","projectNumber":"375882392271","displayName":"superhero-movie","name":"projects/superhero-movie","resources":{"hostingSite":"superhero-movie"}}}
[info] 
[info] === Your Firebase project is ready! ===
[info] 
[info] Project information:
[info]    - Project ID: superhero-movie
[info]    - Project Name: superhero-movie
[info] 
[info] Firebase console is available at
[info] https://console.firebase.google.com/project/superhero-movie/overview
[info] i  Using project superhero-movie (superhero-movie) 
[info] 
=== Hosting Setup
[info] 
[info] Your public directory is the folder (relative to your project directory) that
[info] will contain Hosting assets to be uploaded with firebase deploy. If you
[info] have a build process for your assets, use your build's output directory.
[info] 
[debug] [2022-01-02T13:00:31.337Z] >>> [apiv2][query] GET https://www.gstatic.com/firebasejs/releases.json [none]
[debug] [2022-01-02T13:00:31.636Z] <<< [apiv2][status] GET https://www.gstatic.com/firebasejs/releases.json 200
[debug] [2022-01-02T13:00:31.636Z] <<< [apiv2][body] GET https://www.gstatic.com/firebasejs/releases.json {"current":{"version":"9.6.1","browserURL":"https://www.gstatic.com/firebasejs/9.6.1/firebase.js","packageURL":"https://www.gstatic.com/firebasejs/9.6.1/firebase.tgz"},"live":{"version":"9.6","browserURL":"https://www.gstatic.com/firebasejs/live/9.6/firebase.js","packageURL":"https://www.gstatic.com/firebasejs/live/9.6/firebase.tgz"},"components":{"analytics":"https://www.gstatic.com/firebasejs/9.6.1/firebase-analytics.js","app":"https://www.gstatic.com/firebasejs/9.6.1/firebase-app.js","app-check":"https://www.gstatic.com/firebasejs/9.6.1/firebase-app-check.js","auth":"https://www.gstatic.com/firebasejs/9.6.1/firebase-auth.js","auth/cordova":"https://www.gstatic.com/firebasejs/9.6.1/firebase-auth/cordova.js","auth/react-native":"https://www.gstatic.com/firebasejs/9.6.1/firebase-auth/react-native.js","functions":"https://www.gstatic.com/firebasejs/9.6.1/firebase-functions.js","firestore":"https://www.gstatic.com/firebasejs/9.6.1/firebase-firestore.js","firestore/lite":"https://www.gstatic.com/firebasejs/9.6.1/firebase-firestore/lite.js","storage":"https://www.gstatic.com/firebasejs/9.6.1/firebase-storage.js","performance":"https://www.gstatic.com/firebasejs/9.6.1/firebase-performance.js","remote-config":"https://www.gstatic.com/firebasejs/9.6.1/firebase-remote-config.js","messaging":"https://www.gstatic.com/firebasejs/9.6.1/firebase-messaging.js","messaging/sw":"https://www.gstatic.com/firebasejs/9.6.1/firebase-messaging/sw.js","database":"https://www.gstatic.com/firebasejs/9.6.1/firebase-database.js","firestore.memory":"https://www.gstatic.com/firebasejs/9.6.1/firebase-firestore.memory.js"}}
[info] i  Skipping write of public/index.html 
[info] 
[info] i  Detected a .git folder at E:\000Projects\SDEbootCamp\projects\movie-review-frontend 
[info] i  Authorizing with GitHub to upload your service account to a GitHub repository's secrets store. 
[info] 
[info] Visit this URL on this device to log in:
[info] https://github.com/login/oauth/authorize?client_id=89cf50f02ac6aaed3484&state=6114037&redirect_uri=http%3A%2F%2Flocalhost%3A9005&scope=read%3Auser%20repo%20public_repo
[info] 
[info] Waiting for authentication...
[debug] [2022-01-02T13:00:50.657Z] >>> HTTP REQUEST POST https://github.com/login/oauth/access_token  
 {"client_id":"89cf50f02ac6aaed3484","client_secret":"3330d14abc895d9a74d5f17cd7a00711fa2c5bf0","code":"5cb3b078d7d8b9c45607","redirect_uri":"http://localhost:9005","state":"6114037"}
[debug] [2022-01-02T13:00:51.056Z] <<< HTTP RESPONSE 200 {"server":"GitHub.com","date":"Sun, 02 Jan 2022 13:00:49 GMT","content-type":"application/json; charset=utf-8","transfer-encoding":"chunked","vary":"X-PJAX, X-PJAX-Container, Accept-Encoding, Accept, X-Requested-With","permissions-policy":"interest-cohort=()","etag":"W/\"13a0a6c5cfc3ab145e96391d490cb4e4\"","cache-control":"max-age=0, private, must-revalidate","strict-transport-security":"max-age=31536000; includeSubdomains; preload","x-frame-options":"deny","x-content-type-options":"nosniff","x-xss-protection":"0","referrer-policy":"origin-when-cross-origin, strict-origin-when-cross-origin","expect-ct":"max-age=2592000, report-uri=\"https://api.github.com/_private/browser/errors\"","content-security-policy":"default-src 'none'; base-uri 'self'; block-all-mixed-content; child-src github.com/assets-cdn/worker/ gist.github.com/assets-cdn/worker/; connect-src 'self' uploads.github.com objects-origin.githubusercontent.com www.githubstatus.com collector.githubapp.com api.github.com github-cloud.s3.amazonaws.com github-production-repository-file-5c1aeb.s3.amazonaws.com github-production-upload-manifest-file-7fdce7.s3.amazonaws.com github-production-user-asset-6210df.s3.amazonaws.com cdn.optimizely.com logx.optimizely.com/v1/events translator.github.com wss://alive.github.com; font-src github.githubassets.com; form-action 'self' github.com gist.github.com objects-origin.githubusercontent.com; frame-ancestors 'none'; frame-src render.githubusercontent.com viewscreen.githubusercontent.com notebooks.githubusercontent.com; img-src 'self' data: github.githubassets.com identicons.github.com collector.githubapp.com github-cloud.s3.amazonaws.com secured-user-images.githubusercontent.com/ *.githubusercontent.com; manifest-src 'self'; media-src github.com user-images.githubusercontent.com/; script-src github.githubassets.com; style-src 'unsafe-inline' github.githubassets.com; worker-src github.com/assets-cdn/worker/ gist.github.com/assets-cdn/worker/","x-github-request-id":"293B:0193:29FC6F:336C0D:61D1A201"}
[debug] [2022-01-02T13:00:51.067Z] >>> [apiv2][query] GET https://api.github.com/user [none]
[debug] [2022-01-02T13:00:51.461Z] <<< [apiv2][status] GET https://api.github.com/user 200
[debug] [2022-01-02T13:00:51.461Z] <<< [apiv2][body] GET https://api.github.com/user {"login":"Taslimism","id":41345027,"node_id":"MDQ6VXNlcjQxMzQ1MDI3","avatar_url":"https://avatars.githubusercontent.com/u/41345027?v=4","gravatar_id":"","url":"https://api.github.com/users/Taslimism","html_url":"https://github.com/Taslimism","followers_url":"https://api.github.com/users/Taslimism/followers","following_url":"https://api.github.com/users/Taslimism/following{/other_user}","gists_url":"https://api.github.com/users/Taslimism/gists{/gist_id}","starred_url":"https://api.github.com/users/Taslimism/starred{/owner}{/repo}","subscriptions_url":"https://api.github.com/users/Taslimism/subscriptions","organizations_url":"https://api.github.com/users/Taslimism/orgs","repos_url":"https://api.github.com/users/Taslimism/repos","events_url":"https://api.github.com/users/Taslimism/events{/privacy}","received_events_url":"https://api.github.com/users/Taslimism/received_events","type":"User","site_admin":false,"name":"Taslim Raza Ansari","company":null,"blog":"","location":null,"email":null,"hireable":null,"bio":"Solving problems via code.","twitter_username":"Taslimism","public_repos":27,"public_gists":0,"followers":0,"following":0,"created_at":"2018-07-17T19:21:11Z","updated_at":"2022-01-02T06:47:51Z","private_gists":0,"total_private_repos":5,"owned_private_repos":5,"disk_usage":14124,"collaborators":0,"two_factor_authentication":false,"plan":{"name":"free","space":976562499,"collaborators":0,"private_repos":10000}}
[info] 
[info] +  Success! Logged into GitHub as Taslimism 
[info] 
